<?xml version="1.0" encoding="UTF-8"?>
<!-- Generated by org.testng.reporters.JUnitReportReporter -->
<testsuite hostname="NDI-LAP-732" failures="0" tests="1" name="com.automation.testcases.Loginpage" time="11.747" errors="0" timestamp="2022-01-24T11:14:14 IST" skipped="0">
  <testcase classname="com.automation.testcases.Loginpage" name="login" time="11.747"/>
  <system-out/>
</testsuite> <!-- com.automation.testcases.Loginpage -->
