<?xml version="1.0" encoding="UTF-8"?>
<!-- Generated by org.testng.reporters.JUnitReportReporter -->
<testsuite skipped="0" hostname="NDI-LAP-732" name="com.automation.testcases.Loginpagetestcase" tests="1" failures="0" timestamp="2022-02-11T12:26:30 IST" time="7.051" errors="0">
  <testcase name="login" time="7.051" classname="com.automation.testcases.Loginpagetestcase"/>
  <system-out/>
</testsuite> <!-- com.automation.testcases.Loginpagetestcase -->
